<?xml version="1.0" encoding="UTF-8"?>
<testsuite tests="2" errors="1" failures="1" name="MergedTestSuite" skipped="0">
<testcase classname="test_suite.test" name="test_1" time="0.015999">
<error>
[Exception] - un test failed
 == [File] - test.cpp
 == [Line] -10
</error>
<system-out>
[Info] - check i == j passed
 == [File] - test.cpp
 == [Line] - 9
</system-out>
</testcase>
<testcase classname="test_suite.test" name="test_2" time="0">
<failure>
[Error] - check i == j failed [1 != 2]
 == [File] - test.cpp
 == [Line] - 21
</failure>
<system-out>
[Info] - check i == k passed
 == [File] - test.cpp
 == [Line] - 19
</system-out>
</testcase>
</testsuite>
