<?xml version="1.0" encoding="UTF-8" ?>
<testsuite failures="0" time="0.016" errors="0" skipped="0" tests="2" name="hudson.plugins.girls.BeardDescriptorTest">
  <properties>
    <property name="java.runtime.name" value="Java(TM) SE Runtime Environment"/>
    <property name="sun.boot.library.path" value="C:\HOMEWARE\jdk1.6.0_18\jre\bin"/>
    <property name="java.vm.version" value="16.0-b13"/>
    <property name="java.vm.vendor" value="Sun Microsystems Inc."/>
    <property name="java.vendor.url" value="http://java.sun.com/"/>
    <property name="path.separator" value=";"/>
    <property name="java.vm.name" value="Java HotSpot(TM) Client VM"/>
    <property name="file.encoding.pkg" value="sun.io"/>
    <property name="user.country" value="FR"/>
    <property name="sun.java.launcher" value="SUN_STANDARD"/>
    <property name="sun.os.patch.level" value="Service Pack 2"/>
    <property name="java.vm.specification.name" value="Java Virtual Machine Specification"/>
    <property name="user.dir" value="C:\HOMEWARE\eclipse-3.5\workspace\girls"/>
    <property name="java.runtime.version" value="1.6.0_18-b07"/>
    <property name="java.awt.graphicsenv" value="sun.awt.Win32GraphicsEnvironment"/>
    <property name="basedir" value="C:\HOMEWARE\eclipse-3.5\workspace\girls"/>
    <property name="java.endorsed.dirs" value="C:\HOMEWARE\jdk1.6.0_18\jre\lib\endorsed"/>
    <property name="os.arch" value="x86"/>
    <property name="surefire.real.class.path" value="C:\temp\surefirebooter5938036851396663830.jar"/>
    <property name="java.io.tmpdir" value="C:\temp\"/>
    <property name="line.separator" value="
"/>
    <property name="java.vm.specification.vendor" value="Sun Microsystems Inc."/>
    <property name="user.variant" value=""/>
    <property name="os.name" value="Windows XP"/>
    <property name="sun.jnu.encoding" value="Cp1252"/>
    <property name="java.library.path" value="C:\HOMEWARE\jdk1.6.0_18\jre\bin;.;C:\WINDOWS\Sun\Java\bin;C:\WINDOWS\system32;C:\WINDOWS;C:\Program Files\Common Files\OTG;C:\WINDOWS\system32;C:\WINDOWS;C:\WINDOWS\System32\Wbem;C:\HOMEWARE\jdk1.6.0_18\bin;C:\HOMEWARE\apache-tomcat-6.0.24\bin;C:\HOMEWARE\apache-maven-2.2.1\bin;C:\HOMEWARE\hudson\bin"/>
    <property name="surefire.test.class.path" value="C:\HOMEWARE\eclipse-3.5\workspace\girls\target\test-classes;C:\HOMEWARE\eclipse-3.5\workspace\girls\target\classes;C:\HOMEWARE\maven-2_local\org\mockito\mockito-core\1.7\mockito-core-1.7.jar;C:\HOMEWARE\maven-2_local\org\hamcrest\hamcrest-core\1.1\hamcrest-core-1.1.jar;C:\HOMEWARE\maven-2_local\org\objenesis\objenesis\1.0\objenesis-1.0.jar;C:\HOMEWARE\maven-2_local\org\jvnet\hudson\main\hudson-core\1.319\hudson-core-1.319.jar;C:\HOMEWARE\maven-2_local\org\jvnet\hudson\main\remoting\1.319\remoting-1.319.jar;C:\HOMEWARE\maven-2_local\org\jvnet\hudson\main\cli\1.319\cli-1.319.jar;C:\HOMEWARE\maven-2_local\org\jvnet\localizer\localizer\1.9\localizer-1.9.jar;C:\HOMEWARE\maven-2_local\org\jvnet\hudson\jtidy\4aug2000r7-dev-hudson-1\jtidy-4aug2000r7-dev-hudson-1.jar;C:\HOMEWARE\maven-2_local\org\jruby\ext\posix\jna-posix\1.0.1\jna-posix-1.0.1.jar;C:\HOMEWARE\maven-2_local\org\kohsuke\trilead-putty-extension\1.0\trilead-putty-extension-1.0.jar;C:\HOMEWARE\maven-2_local\org\jvnet\hudson\trilead-ssh2\build212-hudson-1\trilead-ssh2-build212-hudson-1.jar;C:\HOMEWARE\maven-2_local\org\kohsuke\stapler\stapler-jelly\1.107\stapler-jelly-1.107.jar;C:\HOMEWARE\maven-2_local\org\kohsuke\stapler\stapler\1.107\stapler-1.107.jar;C:\HOMEWARE\maven-2_local\commons-discovery\commons-discovery\0.4\commons-discovery-0.4.jar;C:\HOMEWARE\maven-2_local\commons-logging\commons-logging\1.1\commons-logging-1.1.jar;C:\HOMEWARE\maven-2_local\commons-beanutils\commons-beanutils\1.8.0\commons-beanutils-1.8.0.jar;C:\HOMEWARE\maven-2_local\commons-io\commons-io\1.3.1\commons-io-1.3.1.jar;C:\HOMEWARE\maven-2_local\org\kohsuke\stapler\json-lib\2.1-rev2\json-lib-2.1-rev2.jar;C:\HOMEWARE\maven-2_local\commons-collections\commons-collections\3.2\commons-collections-3.2.jar;C:\HOMEWARE\maven-2_local\commons-lang\commons-lang\2.4\commons-lang-2.4.jar;C:\HOMEWARE\maven-2_local\net\sf\ezmorph\ezmorph\1.0.3\ezmorph-1.0.3.jar;C:\HOMEWARE\maven-2_local\org\jvnet\tiger-types\1.1\tiger-types-1.1.jar;C:\HOMEWARE\maven-2_local\commons-fileupload\commons-fileupload\1.2.1\commons-fileupload-1.2.1.jar;C:\HOMEWARE\maven-2_local\junit\junit\4.3.1\junit-4.3.1.jar;C:\HOMEWARE\maven-2_local\args4j\args4j\2.0.13\args4j-2.0.13.jar;C:\HOMEWARE\maven-2_local\org\kohsuke\graph-layouter\1.0\graph-layouter-1.0.jar;C:\HOMEWARE\maven-2_local\antlr\antlr\2.7.6\antlr-2.7.6.jar;C:\HOMEWARE\maven-2_local\org\jvnet\hudson\xstream\1.3.1-hudson-3\xstream-1.3.1-hudson-3.jar;C:\HOMEWARE\maven-2_local\xpp3\xpp3_min\1.1.4c\xpp3_min-1.1.4c.jar;C:\HOMEWARE\maven-2_local\jfree\jfreechart\1.0.9\jfreechart-1.0.9.jar;C:\HOMEWARE\maven-2_local\jfree\jcommon\1.0.12\jcommon-1.0.12.jar;C:\HOMEWARE\maven-2_local\org\apache\ant\ant-junit\1.7.0\ant-junit-1.7.0.jar;C:\HOMEWARE\maven-2_local\org\apache\ant\ant\1.7.0\ant-1.7.0.jar;C:\HOMEWARE\maven-2_local\org\apache\ant\ant-launcher\1.7.0\ant-launcher-1.7.0.jar;C:\HOMEWARE\maven-2_local\commons-digester\commons-digester\1.7\commons-digester-1.7.jar;C:\HOMEWARE\maven-2_local\javax\mail\mail\1.4\mail-1.4.jar;C:\HOMEWARE\maven-2_local\javax\activation\activation\1.1\activation-1.1.jar;C:\HOMEWARE\maven-2_local\org\jvnet\hudson\dom4j\dom4j\1.6.1-hudson-1\dom4j-1.6.1-hudson-1.jar;C:\HOMEWARE\maven-2_local\jaxen\jaxen\1.1-beta-11\jaxen-1.1-beta-11.jar;C:\HOMEWARE\maven-2_local\commons-jelly\commons-jelly-tags-fmt\1.0\commons-jelly-tags-fmt-1.0.jar;C:\HOMEWARE\maven-2_local\commons-jelly\commons-jelly-tags-xml\1.1\commons-jelly-tags-xml-1.1.jar;C:\HOMEWARE\maven-2_local\org\jvnet\hudson\commons-jelly-tags-define\1.0.1-hudson-20071021\commons-jelly-tags-define-1.0.1-hudson-20071021.jar;C:\HOMEWARE\maven-2_local\org\jvnet\hudson\commons-jelly\1.1-hudson-20090709\commons-jelly-1.1-hudson-20090709.jar;C:\HOMEWARE\maven-2_local\org\jvnet\hudson\commons-jexl\1.1-hudson-20090508\commons-jexl-1.1-hudson-20090508.jar;C:\HOMEWARE\maven-2_local\org\acegisecurity\acegi-security\1.0.5\acegi-security-1.0.5.jar;C:\HOMEWARE\maven-2_local\org\springframework\spring-core\2.5\spring-core-2.5.jar;C:\HOMEWARE\maven-2_local\org\springframework\spring-jdbc\1.2.9\spring-jdbc-1.2.9.jar;C:\HOMEWARE\maven-2_local\org\springframework\spring-beans\2.5\spring-beans-2.5.jar;C:\HOMEWARE\maven-2_local\org\springframework\spring-dao\1.2.9\spring-dao-1.2.9.jar;C:\HOMEWARE\maven-2_local\org\springframework\spring-context\2.5\spring-context-2.5.jar;C:\HOMEWARE\maven-2_local\commons-codec\commons-codec\1.3\commons-codec-1.3.jar;C:\HOMEWARE\maven-2_local\oro\oro\2.0.8\oro-2.0.8.jar;C:\HOMEWARE\maven-2_local\log4j\log4j\1.2.9\log4j-1.2.9.jar;C:\HOMEWARE\maven-2_local\org\codehaus\groovy\groovy-all\1.6.0\groovy-all-1.6.0.jar;C:\HOMEWARE\maven-2_local\jline\jline\0.9.94\jline-0.9.94.jar;C:\HOMEWARE\maven-2_local\org\springframework\spring-web\2.5\spring-web-2.5.jar;C:\HOMEWARE\maven-2_local\aopalliance\aopalliance\1.0\aopalliance-1.0.jar;C:\HOMEWARE\maven-2_local\org\springframework\spring-aop\2.5\spring-aop-2.5.jar;C:\HOMEWARE\maven-2_local\xpp3\xpp3\1.1.3.3\xpp3-1.1.3.3.jar;C:\HOMEWARE\maven-2_local\javax\servlet\jstl\1.1.0\jstl-1.1.0.jar;C:\HOMEWARE\maven-2_local\logkit\logkit\1.0.1\logkit-1.0.1.jar;C:\HOMEWARE\maven-2_local\avalon-framework\avalon-framework\4.1.3\avalon-framework-4.1.3.jar;C:\HOMEWARE\maven-2_local\javax\servlet\servlet-api\2.4\servlet-api-2.4.jar;C:\HOMEWARE\maven-2_local\com\sun\xml\txw2\txw2\20070624\txw2-20070624.jar;C:\HOMEWARE\maven-2_local\org\jvnet\winp\winp\1.13\winp-1.13.jar;C:\HOMEWARE\maven-2_local\org\jvnet\hudson\memory-monitor\1.1\memory-monitor-1.1.jar;C:\HOMEWARE\maven-2_local\net\java\dev\jna\jna\3.0.9\jna-3.0.9.jar;C:\HOMEWARE\maven-2_local\com\octo\captcha\jcaptcha-all\1.0-RC6\jcaptcha-all-1.0-RC6.jar;C:\HOMEWARE\maven-2_local\commons-pool\commons-pool\1.3\commons-pool-1.3.jar;C:\HOMEWARE\maven-2_local\org\codehaus\woodstox\wstx-asl\3.2.7\wstx-asl-3.2.7.jar;C:\HOMEWARE\maven-2_local\stax\stax-api\1.0.1\stax-api-1.0.1.jar;C:\HOMEWARE\maven-2_local\com\sun\akuma\akuma\1.1\akuma-1.1.jar;C:\HOMEWARE\maven-2_local\org\jvnet\libpam4j\libpam4j\1.2\libpam4j-1.2.jar;C:\HOMEWARE\maven-2_local\org\jvnet\libzfs\libzfs\0.5\libzfs-0.5.jar;C:\HOMEWARE\maven-2_local\com\sun\solaris\embedded_su4j\1.1\embedded_su4j-1.1.jar;C:\HOMEWARE\maven-2_local\net\java\sezpoz\sezpoz\1.4\sezpoz-1.4.jar;C:\HOMEWARE\maven-2_local\org\jvnet\hudson\jinterop-wmi\1.0\jinterop-wmi-1.0.jar;C:\HOMEWARE\maven-2_local\org\kohsuke\jinterop\jinterop-proxy\1.1\jinterop-proxy-1.1.jar;C:\HOMEWARE\maven-2_local\org\kohsuke\jinterop\j-interop\2.0.5\j-interop-2.0.5.jar;C:\HOMEWARE\maven-2_local\org\kohsuke\jinterop\j-interopdeps\2.0.5\j-interopdeps-2.0.5.jar;C:\HOMEWARE\maven-2_local\org\samba\jcifs\jcifs\1.3.3\jcifs-1.3.3.jar;C:\HOMEWARE\maven-2_local\org\jvnet\hudson\main\hudson-test-harness\1.319\hudson-test-harness-1.319.jar;C:\HOMEWARE\maven-2_local\org\jvnet\hudson\main\hudson-war\1.319\hudson-war-1.319-war-for-test.jar;C:\HOMEWARE\maven-2_local\org\jvnet\hudson\main\maven-plugin\1.319\maven-plugin-1.319.jar;C:\HOMEWARE\maven-2_local\org\jvnet\hudson\main\maven-agent\1.319\maven-agent-1.319.jar;C:\HOMEWARE\maven-2_local\org\jvnet\hudson\main\maven-interceptor\1.319\maven-interceptor-1.319.jar;C:\HOMEWARE\maven-2_local\org\apache\maven\maven-core\2.0.9\maven-core-2.0.9.jar;C:\HOMEWARE\maven-2_local\org\apache\maven\maven-settings\2.0.9\maven-settings-2.0.9.jar;C:\HOMEWARE\maven-2_local\org\apache\maven\maven-model\2.0.9\maven-model-2.0.9.jar;C:\HOMEWARE\maven-2_local\org\codehaus\plexus\plexus-utils\1.5.1\plexus-utils-1.5.1.jar;C:\HOMEWARE\maven-2_local\org\codehaus\plexus\plexus-container-default\1.0-alpha-9-stable-1\plexus-container-default-1.0-alpha-9-stable-1.jar;C:\HOMEWARE\maven-2_local\classworlds\classworlds\1.1\classworlds-1.1.jar;C:\HOMEWARE\maven-2_local\org\apache\maven\wagon\wagon-file\1.0-beta-2\wagon-file-1.0-beta-2.jar;C:\HOMEWARE\maven-2_local\org\apache\maven\wagon\wagon-provider-api\1.0-beta-2\wagon-provider-api-1.0-beta-2.jar;C:\HOMEWARE\maven-2_local\org\apache\maven\maven-plugin-parameter-documenter\2.0.9\maven-plugin-parameter-documenter-2.0.9.jar;C:\HOMEWARE\maven-2_local\slide\slide-webdavlib\2.1\slide-webdavlib-2.1.jar;C:\HOMEWARE\maven-2_local\commons-httpclient\commons-httpclient\3.1\commons-httpclient-3.1.jar;C:\HOMEWARE\maven-2_local\de\zeigermann\xml\xml-im-exporter\1.1\xml-im-exporter-1.1.jar;C:\HOMEWARE\maven-2_local\org\apache\maven\wagon\wagon-http-lightweight\1.0-beta-2\wagon-http-lightweight-1.0-beta-2.jar;C:\HOMEWARE\maven-2_local\org\apache\maven\wagon\wagon-http-shared\1.0-beta-2\wagon-http-shared-1.0-beta-2.jar;C:\HOMEWARE\maven-2_local\org\apache\maven\reporting\maven-reporting-api\2.0.9\maven-reporting-api-2.0.9.jar;C:\HOMEWARE\maven-2_local\org\apache\maven\doxia\doxia-sink-api\1.0-alpha-10\doxia-sink-api-1.0-alpha-10.jar;C:\HOMEWARE\maven-2_local\org\apache\maven\maven-profile\2.0.9\maven-profile-2.0.9.jar;C:\HOMEWARE\maven-2_local\org\apache\maven\maven-artifact\2.0.9\maven-artifact-2.0.9.jar;C:\HOMEWARE\maven-2_local\org\apache\maven\maven-repository-metadata\2.0.9\maven-repository-metadata-2.0.9.jar;C:\HOMEWARE\maven-2_local\org\apache\maven\maven-error-diagnostics\2.0.9\maven-error-diagnostics-2.0.9.jar;C:\HOMEWARE\maven-2_local\org\apache\maven\maven-project\2.0.9\maven-project-2.0.9.jar;C:\HOMEWARE\maven-2_local\org\apache\maven\maven-artifact-manager\2.0.9\maven-artifact-manager-2.0.9.jar;C:\HOMEWARE\maven-2_local\org\apache\maven\maven-plugin-registry\2.0.9\maven-plugin-registry-2.0.9.jar;C:\HOMEWARE\maven-2_local\org\apache\maven\maven-plugin-api\2.0.9\maven-plugin-api-2.0.9.jar;C:\HOMEWARE\maven-2_local\org\apache\maven\wagon\wagon-ssh-external\1.0-beta-2\wagon-ssh-external-1.0-beta-2.jar;C:\HOMEWARE\maven-2_local\org\apache\maven\wagon\wagon-ssh-common\1.0-beta-2\wagon-ssh-common-1.0-beta-2.jar;C:\HOMEWARE\maven-2_local\org\codehaus\plexus\plexus-interactivity-api\1.0-alpha-4\plexus-interactivity-api-1.0-alpha-4.jar;C:\HOMEWARE\maven-2_local\org\apache\maven\maven-plugin-descriptor\2.0.9\maven-plugin-descriptor-2.0.9.jar;C:\HOMEWARE\maven-2_local\org\apache\maven\maven-monitor\2.0.9\maven-monitor-2.0.9.jar;C:\HOMEWARE\maven-2_local\org\apache\maven\wagon\wagon-ssh\1.0-beta-2\wagon-ssh-1.0-beta-2.jar;C:\HOMEWARE\maven-2_local\com\jcraft\jsch\0.1.27\jsch-0.1.27.jar;C:\HOMEWARE\maven-2_local\org\jvnet\hudson\maven2.1-interceptor\1.2\maven2.1-interceptor-1.2.jar;C:\HOMEWARE\maven-2_local\org\apache\maven\maven-embedder\2.0.4\maven-embedder-2.0.4.jar;C:\HOMEWARE\maven-2_local\org\jvnet\hudson\wagon-webdav\1.0-beta-2-hudson-1\wagon-webdav-1.0-beta-2-hudson-1.jar;C:\HOMEWARE\maven-2_local\org\mortbay\jetty\jetty\6.1.11\jetty-6.1.11.jar;C:\HOMEWARE\maven-2_local\org\mortbay\jetty\jetty-util\6.1.11\jetty-util-6.1.11.jar;C:\HOMEWARE\maven-2_local\org\mortbay\jetty\servlet-api-2.5\6.1.11\servlet-api-2.5-6.1.11.jar;C:\HOMEWARE\maven-2_local\org\jvnet\mock-javamail\mock-javamail\1.7\mock-javamail-1.7.jar;C:\HOMEWARE\maven-2_local\org\jvnet\hudson\htmlunit\2.2-hudson-10\htmlunit-2.2-hudson-10.jar;C:\HOMEWARE\maven-2_local\xalan\xalan\2.7.0\xalan-2.7.0.jar;C:\HOMEWARE\maven-2_local\org\jvnet\hudson\htmlunit-core-js\2.2-hudson-2\htmlunit-core-js-2.2-hudson-2.jar;C:\HOMEWARE\maven-2_local\net\sourceforge\nekohtml\nekohtml\1.9.8\nekohtml-1.9.8.jar;C:\HOMEWARE\maven-2_local\xerces\xercesImpl\2.8.1\xercesImpl-2.8.1.jar;C:\HOMEWARE\maven-2_local\net\sourceforge\cssparser\cssparser\0.9.5\cssparser-0.9.5.jar;C:\HOMEWARE\maven-2_local\org\w3c\css\sac\1.3\sac-1.3.jar;C:\HOMEWARE\maven-2_local\org\jvnet\hudson\netx\0.5-hudson-2\netx-0.5-hudson-2.jar;C:\HOMEWARE\maven-2_local\org\easymock\easymock\2.4\easymock-2.4.jar;"/>
    <property name="java.specification.name" value="Java Platform API Specification"/>
    <property name="java.class.version" value="50.0"/>
    <property name="sun.management.compiler" value="HotSpot Client Compiler"/>
    <property name="os.version" value="5.1"/>
    <property name="user.home" value="C:\Documents and Settings\jyoshiek021510"/>
    <property name="user.timezone" value="Europe/Paris"/>
    <property name="java.awt.printerjob" value="sun.awt.windows.WPrinterJob"/>
    <property name="java.specification.version" value="1.6"/>
    <property name="file.encoding" value="Cp1252"/>
    <property name="user.name" value="jyoshiek021510"/>
    <property name="java.class.path" value="C:\HOMEWARE\eclipse-3.5\workspace\girls\target\test-classes;C:\HOMEWARE\eclipse-3.5\workspace\girls\target\classes;C:\HOMEWARE\maven-2_local\org\mockito\mockito-core\1.7\mockito-core-1.7.jar;C:\HOMEWARE\maven-2_local\org\hamcrest\hamcrest-core\1.1\hamcrest-core-1.1.jar;C:\HOMEWARE\maven-2_local\org\objenesis\objenesis\1.0\objenesis-1.0.jar;C:\HOMEWARE\maven-2_local\org\jvnet\hudson\main\hudson-core\1.319\hudson-core-1.319.jar;C:\HOMEWARE\maven-2_local\org\jvnet\hudson\main\remoting\1.319\remoting-1.319.jar;C:\HOMEWARE\maven-2_local\org\jvnet\hudson\main\cli\1.319\cli-1.319.jar;C:\HOMEWARE\maven-2_local\org\jvnet\localizer\localizer\1.9\localizer-1.9.jar;C:\HOMEWARE\maven-2_local\org\jvnet\hudson\jtidy\4aug2000r7-dev-hudson-1\jtidy-4aug2000r7-dev-hudson-1.jar;C:\HOMEWARE\maven-2_local\org\jruby\ext\posix\jna-posix\1.0.1\jna-posix-1.0.1.jar;C:\HOMEWARE\maven-2_local\org\kohsuke\trilead-putty-extension\1.0\trilead-putty-extension-1.0.jar;C:\HOMEWARE\maven-2_local\org\jvnet\hudson\trilead-ssh2\build212-hudson-1\trilead-ssh2-build212-hudson-1.jar;C:\HOMEWARE\maven-2_local\org\kohsuke\stapler\stapler-jelly\1.107\stapler-jelly-1.107.jar;C:\HOMEWARE\maven-2_local\org\kohsuke\stapler\stapler\1.107\stapler-1.107.jar;C:\HOMEWARE\maven-2_local\commons-discovery\commons-discovery\0.4\commons-discovery-0.4.jar;C:\HOMEWARE\maven-2_local\commons-logging\commons-logging\1.1\commons-logging-1.1.jar;C:\HOMEWARE\maven-2_local\commons-beanutils\commons-beanutils\1.8.0\commons-beanutils-1.8.0.jar;C:\HOMEWARE\maven-2_local\commons-io\commons-io\1.3.1\commons-io-1.3.1.jar;C:\HOMEWARE\maven-2_local\org\kohsuke\stapler\json-lib\2.1-rev2\json-lib-2.1-rev2.jar;C:\HOMEWARE\maven-2_local\commons-collections\commons-collections\3.2\commons-collections-3.2.jar;C:\HOMEWARE\maven-2_local\commons-lang\commons-lang\2.4\commons-lang-2.4.jar;C:\HOMEWARE\maven-2_local\net\sf\ezmorph\ezmorph\1.0.3\ezmorph-1.0.3.jar;C:\HOMEWARE\maven-2_local\org\jvnet\tiger-types\1.1\tiger-types-1.1.jar;C:\HOMEWARE\maven-2_local\commons-fileupload\commons-fileupload\1.2.1\commons-fileupload-1.2.1.jar;C:\HOMEWARE\maven-2_local\junit\junit\4.3.1\junit-4.3.1.jar;C:\HOMEWARE\maven-2_local\args4j\args4j\2.0.13\args4j-2.0.13.jar;C:\HOMEWARE\maven-2_local\org\kohsuke\graph-layouter\1.0\graph-layouter-1.0.jar;C:\HOMEWARE\maven-2_local\antlr\antlr\2.7.6\antlr-2.7.6.jar;C:\HOMEWARE\maven-2_local\org\jvnet\hudson\xstream\1.3.1-hudson-3\xstream-1.3.1-hudson-3.jar;C:\HOMEWARE\maven-2_local\xpp3\xpp3_min\1.1.4c\xpp3_min-1.1.4c.jar;C:\HOMEWARE\maven-2_local\jfree\jfreechart\1.0.9\jfreechart-1.0.9.jar;C:\HOMEWARE\maven-2_local\jfree\jcommon\1.0.12\jcommon-1.0.12.jar;C:\HOMEWARE\maven-2_local\org\apache\ant\ant-junit\1.7.0\ant-junit-1.7.0.jar;C:\HOMEWARE\maven-2_local\org\apache\ant\ant\1.7.0\ant-1.7.0.jar;C:\HOMEWARE\maven-2_local\org\apache\ant\ant-launcher\1.7.0\ant-launcher-1.7.0.jar;C:\HOMEWARE\maven-2_local\commons-digester\commons-digester\1.7\commons-digester-1.7.jar;C:\HOMEWARE\maven-2_local\javax\mail\mail\1.4\mail-1.4.jar;C:\HOMEWARE\maven-2_local\javax\activation\activation\1.1\activation-1.1.jar;C:\HOMEWARE\maven-2_local\org\jvnet\hudson\dom4j\dom4j\1.6.1-hudson-1\dom4j-1.6.1-hudson-1.jar;C:\HOMEWARE\maven-2_local\jaxen\jaxen\1.1-beta-11\jaxen-1.1-beta-11.jar;C:\HOMEWARE\maven-2_local\commons-jelly\commons-jelly-tags-fmt\1.0\commons-jelly-tags-fmt-1.0.jar;C:\HOMEWARE\maven-2_local\commons-jelly\commons-jelly-tags-xml\1.1\commons-jelly-tags-xml-1.1.jar;C:\HOMEWARE\maven-2_local\org\jvnet\hudson\commons-jelly-tags-define\1.0.1-hudson-20071021\commons-jelly-tags-define-1.0.1-hudson-20071021.jar;C:\HOMEWARE\maven-2_local\org\jvnet\hudson\commons-jelly\1.1-hudson-20090709\commons-jelly-1.1-hudson-20090709.jar;C:\HOMEWARE\maven-2_local\org\jvnet\hudson\commons-jexl\1.1-hudson-20090508\commons-jexl-1.1-hudson-20090508.jar;C:\HOMEWARE\maven-2_local\org\acegisecurity\acegi-security\1.0.5\acegi-security-1.0.5.jar;C:\HOMEWARE\maven-2_local\org\springframework\spring-core\2.5\spring-core-2.5.jar;C:\HOMEWARE\maven-2_local\org\springframework\spring-jdbc\1.2.9\spring-jdbc-1.2.9.jar;C:\HOMEWARE\maven-2_local\org\springframework\spring-beans\2.5\spring-beans-2.5.jar;C:\HOMEWARE\maven-2_local\org\springframework\spring-dao\1.2.9\spring-dao-1.2.9.jar;C:\HOMEWARE\maven-2_local\org\springframework\spring-context\2.5\spring-context-2.5.jar;C:\HOMEWARE\maven-2_local\commons-codec\commons-codec\1.3\commons-codec-1.3.jar;C:\HOMEWARE\maven-2_local\oro\oro\2.0.8\oro-2.0.8.jar;C:\HOMEWARE\maven-2_local\log4j\log4j\1.2.9\log4j-1.2.9.jar;C:\HOMEWARE\maven-2_local\org\codehaus\groovy\groovy-all\1.6.0\groovy-all-1.6.0.jar;C:\HOMEWARE\maven-2_local\jline\jline\0.9.94\jline-0.9.94.jar;C:\HOMEWARE\maven-2_local\org\springframework\spring-web\2.5\spring-web-2.5.jar;C:\HOMEWARE\maven-2_local\aopalliance\aopalliance\1.0\aopalliance-1.0.jar;C:\HOMEWARE\maven-2_local\org\springframework\spring-aop\2.5\spring-aop-2.5.jar;C:\HOMEWARE\maven-2_local\xpp3\xpp3\1.1.3.3\xpp3-1.1.3.3.jar;C:\HOMEWARE\maven-2_local\javax\servlet\jstl\1.1.0\jstl-1.1.0.jar;C:\HOMEWARE\maven-2_local\logkit\logkit\1.0.1\logkit-1.0.1.jar;C:\HOMEWARE\maven-2_local\avalon-framework\avalon-framework\4.1.3\avalon-framework-4.1.3.jar;C:\HOMEWARE\maven-2_local\javax\servlet\servlet-api\2.4\servlet-api-2.4.jar;C:\HOMEWARE\maven-2_local\com\sun\xml\txw2\txw2\20070624\txw2-20070624.jar;C:\HOMEWARE\maven-2_local\org\jvnet\winp\winp\1.13\winp-1.13.jar;C:\HOMEWARE\maven-2_local\org\jvnet\hudson\memory-monitor\1.1\memory-monitor-1.1.jar;C:\HOMEWARE\maven-2_local\net\java\dev\jna\jna\3.0.9\jna-3.0.9.jar;C:\HOMEWARE\maven-2_local\com\octo\captcha\jcaptcha-all\1.0-RC6\jcaptcha-all-1.0-RC6.jar;C:\HOMEWARE\maven-2_local\commons-pool\commons-pool\1.3\commons-pool-1.3.jar;C:\HOMEWARE\maven-2_local\org\codehaus\woodstox\wstx-asl\3.2.7\wstx-asl-3.2.7.jar;C:\HOMEWARE\maven-2_local\stax\stax-api\1.0.1\stax-api-1.0.1.jar;C:\HOMEWARE\maven-2_local\com\sun\akuma\akuma\1.1\akuma-1.1.jar;C:\HOMEWARE\maven-2_local\org\jvnet\libpam4j\libpam4j\1.2\libpam4j-1.2.jar;C:\HOMEWARE\maven-2_local\org\jvnet\libzfs\libzfs\0.5\libzfs-0.5.jar;C:\HOMEWARE\maven-2_local\com\sun\solaris\embedded_su4j\1.1\embedded_su4j-1.1.jar;C:\HOMEWARE\maven-2_local\net\java\sezpoz\sezpoz\1.4\sezpoz-1.4.jar;C:\HOMEWARE\maven-2_local\org\jvnet\hudson\jinterop-wmi\1.0\jinterop-wmi-1.0.jar;C:\HOMEWARE\maven-2_local\org\kohsuke\jinterop\jinterop-proxy\1.1\jinterop-proxy-1.1.jar;C:\HOMEWARE\maven-2_local\org\kohsuke\jinterop\j-interop\2.0.5\j-interop-2.0.5.jar;C:\HOMEWARE\maven-2_local\org\kohsuke\jinterop\j-interopdeps\2.0.5\j-interopdeps-2.0.5.jar;C:\HOMEWARE\maven-2_local\org\samba\jcifs\jcifs\1.3.3\jcifs-1.3.3.jar;C:\HOMEWARE\maven-2_local\org\jvnet\hudson\main\hudson-test-harness\1.319\hudson-test-harness-1.319.jar;C:\HOMEWARE\maven-2_local\org\jvnet\hudson\main\hudson-war\1.319\hudson-war-1.319-war-for-test.jar;C:\HOMEWARE\maven-2_local\org\jvnet\hudson\main\maven-plugin\1.319\maven-plugin-1.319.jar;C:\HOMEWARE\maven-2_local\org\jvnet\hudson\main\maven-agent\1.319\maven-agent-1.319.jar;C:\HOMEWARE\maven-2_local\org\jvnet\hudson\main\maven-interceptor\1.319\maven-interceptor-1.319.jar;C:\HOMEWARE\maven-2_local\org\apache\maven\maven-core\2.0.9\maven-core-2.0.9.jar;C:\HOMEWARE\maven-2_local\org\apache\maven\maven-settings\2.0.9\maven-settings-2.0.9.jar;C:\HOMEWARE\maven-2_local\org\apache\maven\maven-model\2.0.9\maven-model-2.0.9.jar;C:\HOMEWARE\maven-2_local\org\codehaus\plexus\plexus-utils\1.5.1\plexus-utils-1.5.1.jar;C:\HOMEWARE\maven-2_local\org\codehaus\plexus\plexus-container-default\1.0-alpha-9-stable-1\plexus-container-default-1.0-alpha-9-stable-1.jar;C:\HOMEWARE\maven-2_local\classworlds\classworlds\1.1\classworlds-1.1.jar;C:\HOMEWARE\maven-2_local\org\apache\maven\wagon\wagon-file\1.0-beta-2\wagon-file-1.0-beta-2.jar;C:\HOMEWARE\maven-2_local\org\apache\maven\wagon\wagon-provider-api\1.0-beta-2\wagon-provider-api-1.0-beta-2.jar;C:\HOMEWARE\maven-2_local\org\apache\maven\maven-plugin-parameter-documenter\2.0.9\maven-plugin-parameter-documenter-2.0.9.jar;C:\HOMEWARE\maven-2_local\slide\slide-webdavlib\2.1\slide-webdavlib-2.1.jar;C:\HOMEWARE\maven-2_local\commons-httpclient\commons-httpclient\3.1\commons-httpclient-3.1.jar;C:\HOMEWARE\maven-2_local\de\zeigermann\xml\xml-im-exporter\1.1\xml-im-exporter-1.1.jar;C:\HOMEWARE\maven-2_local\org\apache\maven\wagon\wagon-http-lightweight\1.0-beta-2\wagon-http-lightweight-1.0-beta-2.jar;C:\HOMEWARE\maven-2_local\org\apache\maven\wagon\wagon-http-shared\1.0-beta-2\wagon-http-shared-1.0-beta-2.jar;C:\HOMEWARE\maven-2_local\org\apache\maven\reporting\maven-reporting-api\2.0.9\maven-reporting-api-2.0.9.jar;C:\HOMEWARE\maven-2_local\org\apache\maven\doxia\doxia-sink-api\1.0-alpha-10\doxia-sink-api-1.0-alpha-10.jar;C:\HOMEWARE\maven-2_local\org\apache\maven\maven-profile\2.0.9\maven-profile-2.0.9.jar;C:\HOMEWARE\maven-2_local\org\apache\maven\maven-artifact\2.0.9\maven-artifact-2.0.9.jar;C:\HOMEWARE\maven-2_local\org\apache\maven\maven-repository-metadata\2.0.9\maven-repository-metadata-2.0.9.jar;C:\HOMEWARE\maven-2_local\org\apache\maven\maven-error-diagnostics\2.0.9\maven-error-diagnostics-2.0.9.jar;C:\HOMEWARE\maven-2_local\org\apache\maven\maven-project\2.0.9\maven-project-2.0.9.jar;C:\HOMEWARE\maven-2_local\org\apache\maven\maven-artifact-manager\2.0.9\maven-artifact-manager-2.0.9.jar;C:\HOMEWARE\maven-2_local\org\apache\maven\maven-plugin-registry\2.0.9\maven-plugin-registry-2.0.9.jar;C:\HOMEWARE\maven-2_local\org\apache\maven\maven-plugin-api\2.0.9\maven-plugin-api-2.0.9.jar;C:\HOMEWARE\maven-2_local\org\apache\maven\wagon\wagon-ssh-external\1.0-beta-2\wagon-ssh-external-1.0-beta-2.jar;C:\HOMEWARE\maven-2_local\org\apache\maven\wagon\wagon-ssh-common\1.0-beta-2\wagon-ssh-common-1.0-beta-2.jar;C:\HOMEWARE\maven-2_local\org\codehaus\plexus\plexus-interactivity-api\1.0-alpha-4\plexus-interactivity-api-1.0-alpha-4.jar;C:\HOMEWARE\maven-2_local\org\apache\maven\maven-plugin-descriptor\2.0.9\maven-plugin-descriptor-2.0.9.jar;C:\HOMEWARE\maven-2_local\org\apache\maven\maven-monitor\2.0.9\maven-monitor-2.0.9.jar;C:\HOMEWARE\maven-2_local\org\apache\maven\wagon\wagon-ssh\1.0-beta-2\wagon-ssh-1.0-beta-2.jar;C:\HOMEWARE\maven-2_local\com\jcraft\jsch\0.1.27\jsch-0.1.27.jar;C:\HOMEWARE\maven-2_local\org\jvnet\hudson\maven2.1-interceptor\1.2\maven2.1-interceptor-1.2.jar;C:\HOMEWARE\maven-2_local\org\apache\maven\maven-embedder\2.0.4\maven-embedder-2.0.4.jar;C:\HOMEWARE\maven-2_local\org\jvnet\hudson\wagon-webdav\1.0-beta-2-hudson-1\wagon-webdav-1.0-beta-2-hudson-1.jar;C:\HOMEWARE\maven-2_local\org\mortbay\jetty\jetty\6.1.11\jetty-6.1.11.jar;C:\HOMEWARE\maven-2_local\org\mortbay\jetty\jetty-util\6.1.11\jetty-util-6.1.11.jar;C:\HOMEWARE\maven-2_local\org\mortbay\jetty\servlet-api-2.5\6.1.11\servlet-api-2.5-6.1.11.jar;C:\HOMEWARE\maven-2_local\org\jvnet\mock-javamail\mock-javamail\1.7\mock-javamail-1.7.jar;C:\HOMEWARE\maven-2_local\org\jvnet\hudson\htmlunit\2.2-hudson-10\htmlunit-2.2-hudson-10.jar;C:\HOMEWARE\maven-2_local\xalan\xalan\2.7.0\xalan-2.7.0.jar;C:\HOMEWARE\maven-2_local\org\jvnet\hudson\htmlunit-core-js\2.2-hudson-2\htmlunit-core-js-2.2-hudson-2.jar;C:\HOMEWARE\maven-2_local\net\sourceforge\nekohtml\nekohtml\1.9.8\nekohtml-1.9.8.jar;C:\HOMEWARE\maven-2_local\xerces\xercesImpl\2.8.1\xercesImpl-2.8.1.jar;C:\HOMEWARE\maven-2_local\net\sourceforge\cssparser\cssparser\0.9.5\cssparser-0.9.5.jar;C:\HOMEWARE\maven-2_local\org\w3c\css\sac\1.3\sac-1.3.jar;C:\HOMEWARE\maven-2_local\org\jvnet\hudson\netx\0.5-hudson-2\netx-0.5-hudson-2.jar;C:\HOMEWARE\maven-2_local\org\easymock\easymock\2.4\easymock-2.4.jar;"/>
    <property name="java.vm.specification.version" value="1.0"/>
    <property name="sun.arch.data.model" value="32"/>
    <property name="java.home" value="C:\HOMEWARE\jdk1.6.0_18\jre"/>
    <property name="java.specification.vendor" value="Sun Microsystems Inc."/>
    <property name="user.language" value="fr"/>
    <property name="awt.toolkit" value="sun.awt.windows.WToolkit"/>
    <property name="java.vm.info" value="mixed mode"/>
    <property name="java.version" value="1.6.0_18"/>
    <property name="java.ext.dirs" value="C:\HOMEWARE\jdk1.6.0_18\jre\lib\ext;C:\WINDOWS\Sun\Java\lib\ext"/>
    <property name="sun.boot.class.path" value="C:\HOMEWARE\jdk1.6.0_18\jre\lib\resources.jar;C:\HOMEWARE\jdk1.6.0_18\jre\lib\rt.jar;C:\HOMEWARE\jdk1.6.0_18\jre\lib\sunrsasign.jar;C:\HOMEWARE\jdk1.6.0_18\jre\lib\jsse.jar;C:\HOMEWARE\jdk1.6.0_18\jre\lib\jce.jar;C:\HOMEWARE\jdk1.6.0_18\jre\lib\charsets.jar;C:\HOMEWARE\jdk1.6.0_18\jre\classes"/>
    <property name="java.vendor" value="Sun Microsystems Inc."/>
    <property name="localRepository" value="C:/HOMEWARE/maven-2_local"/>
    <property name="file.separator" value="\"/>
    <property name="java.vendor.url.bug" value="http://java.sun.com/cgi-bin/bugreport.cgi"/>
    <property name="sun.cpu.endian" value="little"/>
    <property name="sun.io.unicode.encoding" value="UnicodeLittle"/>
    <property name="sun.desktop" value="windows"/>
    <property name="sun.cpu.isalist" value=""/>
  </properties>
  <testcase time="0" classname="hudson.plugins.girls.BeardDescriptorTest" name="testGetDisplayName"/>
  <testcase time="0" classname="hudson.plugins.girls.BeardDescriptorTest" name="testIsApplicableGivesTrue"/>
</testsuite>