<?xml version="1.0" encoding="UTF-8" ?>
<testsuite errors="1" failures="0" hostname="whocares" name="vodafone.nip.services.types.TestStringMapType" tests="2" time="0.016" timestamp="2008-07-03T15:42:30">
  <testcase classname="some.package.somewhere.WhooHoo" name="testHudsonReporting" time="0.016">
    <error message="this normally has the string like, expected mullet, but got bream" type="org.junit.ComparisonFailure">	at some.package.somewhere.WhooHoo.testHudsonReporting(WhooHoo.java:48)
</error>
  </testcase>
  <system-out><![CDATA[]]></system-out>
  <system-err><![CDATA[]]></system-err>
</testsuite>
