<?xml version="1.0" encoding="UTF-8"?><testsuite failures="0" tests="1" time="0" name="hello">
<properties>
<property value="3" name="Unverified Outcomes"/>
<property value="0" name="Unit Testing Problems"/>
</properties>
<testcase time="0" name="TestSuite_helloworld_c_85db5268::TestSuite_helloworld_c_85db5268_test_main_1" classname="/hello/tests/autogenerated/srce/TestSuite_helloworld_c.c">
<failure message="Outcome: int _return=0" type="Outcome"/>
<system-err>Trace Line :32    File :/hello/tests/autogenerated/srce/TestSuite_helloworld_c.c</system-err>
</testcase>
 </testsuite>