<?xml version="1.0" encoding="UTF-8"?>
<testsuite tests="3" errors="1" failures="1" name="MergedTestSuite" skipped="0">
<testcase classname="array test.test" name="test1" time="0">
<system-out>
[Info] - check add( 2,2 ) == 4 passed
 == [File] - test.cpp
 == [Line] - 8
</system-out>
</testcase>
<testcase classname="array test.test" name="test2" time="0">
<failure>
[Error] - check add( 2,3 ) == 4 failed
 == [File] - test.cpp
 == [Line] - 12
</failure>
</testcase>
<testcase classname="array test.test" name="test3" time="0">
<error>
[Exception] - un test failed
 == [File] - test.cpp
 == [Line] -16
</error>
</testcase>
</testsuite>