<?xml version='1.0' encoding='UTF-8'?>
<result>
  <suites>
    <suite>
      <name>hudson.plugins.duckworth.AppTest</name>
      <duration>0.0030</duration>
      <cases>
        <case>
          <duration>0.0030</duration>
          <className>hudson.plugins.duckworth.AppTest</className>
          <testName>testApp</testName>
          <skipped>false</skipped>
          <failedSince>0</failedSince>
        </case>
      </cases>
    </suite>
  </suites>
  <duration>0.0030</duration>
</result>