<?xml version="1.0" encoding="UTF-8" ?>
<sourcemonitor_metrics>
  <project version="2.6">
    <project_name>gadgetfactory</project_name>
    <project_directory>S:\sites\workspace\projects\gadgetfactory\src\main\java</project_directory>
    <project_language>Java</project_language>
    <ignore_headers_footers>true</ignore_headers_footers>
    <metric_names name_count="15">
      <metric_name id="M0" type="number">Lines</metric_name>
      <metric_name id="M1" type="number">Statements</metric_name>
      <metric_name id="M2" type="percent" divisor="M1">Percent Branch Statements</metric_name>
      <metric_name id="M3" type="number">Method Call Statements</metric_name>
      <metric_name id="M4" type="percent" divisor="M0">Percent Lines with Comments</metric_name>
      <metric_name id="M5" type="number">Classes and Interfaces</metric_name>
      <metric_name id="M6" type="ratio" divisor="M5">Methods per Class</metric_name>
      <metric_name id="M7" type="ratio" divisor="M6">Average Statements per Method</metric_name>
      <metric_name id="M8" type="string">Line Number of Most Complex Method</metric_name>
      <metric_name id="M9" type="string">Name of Most Complex Method</metric_name>
      <metric_name id="M10" type="maximum">Maximum Complexity</metric_name>
      <metric_name id="M11" type="string">Line Number of Deepest Block</metric_name>
      <metric_name id="M12" type="maximum">Maximum Block Depth</metric_name>
      <metric_name id="M13" type="average" values="block_depths">Average Block Depth</metric_name>
      <metric_name id="M14" type="average">Average Complexity</metric_name>
    </metric_names>
    <checkpoints checkpoint_count="1">
      <checkpoint checkpoint_name="Baseline" modified_complexity="true" checkpoint_date="2011-04-05" checkpoint_files="10">
        <metrics metric_count="15">
          <metric id="M0">1586</metric>
          <metric id="M1">628</metric>
          <metric id="M2">11,5</metric>
          <metric id="M3">370</metric>
          <metric id="M4">35,9</metric>
          <metric id="M5">10</metric>
          <metric id="M6">9,30</metric>
          <metric id="M7">4,46</metric>
          <metric id="M8"></metric>
          <metric id="M9">HTMLCleaner.cleanUrl()</metric>
          <metric id="M10">18</metric>
          <metric id="M11"></metric>
          <metric id="M12">6</metric>
          <metric id="M13">1,84</metric>
          <metric id="M14">1,94</metric>
        </metrics>
        <method_metrics method_count="93">
          <method  name="Activator.Activator()" line="24">
            <complexity>1</complexity>
            <statements>0</statements>
            <maximum_depth>0</maximum_depth>
            <calls>0</calls>
          </method>
          <method  name="Activator.getDefault()" line="53">
            <complexity>1</complexity>
            <statements>1</statements>
            <maximum_depth>2</maximum_depth>
            <calls>0</calls>
          </method>
          <method  name="Activator.start()" line="31">
            <complexity>1</complexity>
            <statements>5</statements>
            <maximum_depth>2</maximum_depth>
            <calls>5</calls>
          </method>
          <method  name="Activator.stop()" line="43">
            <complexity>1</complexity>
            <statements>2</statements>
            <maximum_depth>2</maximum_depth>
            <calls>1</calls>
          </method>
          <method  name="Artifact.Artifact()" line="39">
            <complexity>1</complexity>
            <statements>4</statements>
            <maximum_depth>2</maximum_depth>
            <calls>0</calls>
          </method>
          <method  name="Artifact.getImage()" line="30">
            <complexity>1</complexity>
            <statements>1</statements>
            <maximum_depth>2</maximum_depth>
            <calls>0</calls>
          </method>
          <method  name="Artifact.getName()" line="45">
            <complexity>1</complexity>
            <statements>1</statements>
            <maximum_depth>2</maximum_depth>
            <calls>0</calls>
          </method>
          <method  name="Artifact.getOrd()" line="24">
            <complexity>1</complexity>
            <statements>1</statements>
            <maximum_depth>2</maximum_depth>
            <calls>0</calls>
          </method>
          <method  name="Artifact.getPath()" line="51">
            <complexity>1</complexity>
            <statements>1</statements>
            <maximum_depth>2</maximum_depth>
            <calls>0</calls>
          </method>
          <method  name="Artifact.getTemplate()" line="57">
            <complexity>1</complexity>
            <statements>1</statements>
            <maximum_depth>2</maximum_depth>
            <calls>0</calls>
          </method>
          <method  name="Artifact.setImage()" line="33">
            <complexity>1</complexity>
            <statements>1</statements>
            <maximum_depth>2</maximum_depth>
            <calls>0</calls>
          </method>
          <method  name="Artifact.setName()" line="48">
            <complexity>1</complexity>
            <statements>1</statements>
            <maximum_depth>2</maximum_depth>
            <calls>0</calls>
          </method>
          <method  name="Artifact.setOrd()" line="27">
            <complexity>1</complexity>
            <statements>1</statements>
            <maximum_depth>2</maximum_depth>
            <calls>0</calls>
          </method>
          <method  name="Artifact.setPath()" line="54">
            <complexity>1</complexity>
            <statements>1</statements>
            <maximum_depth>2</maximum_depth>
            <calls>0</calls>
          </method>
          <method  name="Artifact.setTemplate()" line="60">
            <complexity>1</complexity>
            <statements>1</statements>
            <maximum_depth>2</maximum_depth>
            <calls>0</calls>
          </method>
          <method  name="ArtifactFactory.applyTemplate()" line="199">
            <complexity>1</complexity>
            <statements>10</statements>
            <maximum_depth>2</maximum_depth>
            <calls>15</calls>
          </method>
          <method  name="ArtifactFactory.ArtifactFactory()" line="46">
            <complexity>1</complexity>
            <statements>4</statements>
            <maximum_depth>2</maximum_depth>
            <calls>3</calls>
          </method>
          <method  name="ArtifactFactory.createFileFromString()" line="177">
            <complexity>2</complexity>
            <statements>11</statements>
            <maximum_depth>3</maximum_depth>
            <calls>9</calls>
          </method>
          <method  name="ArtifactFactory.getArtifactNames()" line="55">
            <complexity>5</complexity>
            <statements>16</statements>
            <maximum_depth>4</maximum_depth>
            <calls>13</calls>
          </method>
          <method  name="ArtifactFactory.getDescriptor()" line="33">
            <complexity>1</complexity>
            <statements>1</statements>
            <maximum_depth>2</maximum_depth>
            <calls>0</calls>
          </method>
          <method  name="ArtifactFactory.getUrlDomain()" line="195">
            <complexity>1</complexity>
            <statements>1</statements>
            <maximum_depth>2</maximum_depth>
            <calls>3</calls>
          </method>
          <method  name="ArtifactFactory.loadArtifact()" line="77">
            <complexity>9</complexity>
            <statements>28</statements>
            <maximum_depth>4</maximum_depth>
            <calls>33</calls>
          </method>
          <method  name="ArtifactFactory.loadArtifacts()" line="117">
            <complexity>13</complexity>
            <statements>40</statements>
            <maximum_depth>6</maximum_depth>
            <calls>41</calls>
          </method>
          <method  name="ArtifactFactory.main()" line="246">
            <complexity>1</complexity>
            <statements>0</statements>
            <maximum_depth>0</maximum_depth>
            <calls>0</calls>
          </method>
          <method  name="ArtifactFactory.readFileAsString()" line="227">
            <complexity>2</complexity>
            <statements>10</statements>
            <maximum_depth>3</maximum_depth>
            <calls>10</calls>
          </method>
          <method  name="ArtifactFactory.setDescriptor()" line="37">
            <complexity>1</complexity>
            <statements>1</statements>
            <maximum_depth>2</maximum_depth>
            <calls>0</calls>
          </method>
          <method  name="ClientHttp.ClientHttp()" line="36">
            <complexity>1</complexity>
            <statements>2</statements>
            <maximum_depth>2</maximum_depth>
            <calls>2</calls>
          </method>
          <method  name="ClientHttp.getResponsebodyAsString()" line="45">
            <complexity>1</complexity>
            <statements>4</statements>
            <maximum_depth>2</maximum_depth>
            <calls>2</calls>
          </method>
          <method  name="ClientHttp.main()" line="69">
            <complexity>1</complexity>
            <statements>0</statements>
            <maximum_depth>0</maximum_depth>
            <calls>0</calls>
          </method>
          <method  name="ClientHttp.shutdown()" line="59">
            <complexity>1</complexity>
            <statements>1</statements>
            <maximum_depth>2</maximum_depth>
            <calls>2</calls>
          </method>
          <method  name="Cropper.areAllWhite()" line="20">
            <complexity>3</complexity>
            <statements>6</statements>
            <maximum_depth>4</maximum_depth>
            <calls>1</calls>
          </method>
          <method  name="Cropper.crop()" line="83">
            <complexity>1</complexity>
            <statements>5</statements>
            <maximum_depth>2</maximum_depth>
            <calls>4</calls>
          </method>
          <method  name="Cropper.Cropper()" line="9">
            <complexity>1</complexity>
            <statements>0</statements>
            <maximum_depth>0</maximum_depth>
            <calls>0</calls>
          </method>
          <method  name="Cropper.isColumnAllWhite()" line="29">
            <complexity>3</complexity>
            <statements>7</statements>
            <maximum_depth>4</maximum_depth>
            <calls>1</calls>
          </method>
          <method  name="Cropper.isWhite()" line="12">
            <complexity>1</complexity>
            <statements>4</statements>
            <maximum_depth>2</maximum_depth>
            <calls>0</calls>
          </method>
          <method  name="Cropper.main()" line="108">
            <complexity>1</complexity>
            <statements>0</statements>
            <maximum_depth>0</maximum_depth>
            <calls>0</calls>
          </method>
          <method  name="Cropper.process()" line="40">
            <complexity>9</complexity>
            <statements>25</statements>
            <maximum_depth>5</maximum_depth>
            <calls>16</calls>
          </method>
          <method  name="Cropper.processCrop()" line="95">
            <complexity>1</complexity>
            <statements>6</statements>
            <maximum_depth>2</maximum_depth>
            <calls>14</calls>
          </method>
          <method  name="Gadget.Gadget()" line="22">
            <complexity>1</complexity>
            <statements>3</statements>
            <maximum_depth>2</maximum_depth>
            <calls>0</calls>
          </method>
          <method  name="Gadget.getArtifacts()" line="52">
            <complexity>1</complexity>
            <statements>1</statements>
            <maximum_depth>2</maximum_depth>
            <calls>0</calls>
          </method>
          <method  name="Gadget.getAtt()" line="36">
            <complexity>1</complexity>
            <statements>1</statements>
            <maximum_depth>2</maximum_depth>
            <calls>0</calls>
          </method>
          <method  name="Gadget.getName()" line="28">
            <complexity>1</complexity>
            <statements>1</statements>
            <maximum_depth>2</maximum_depth>
            <calls>0</calls>
          </method>
          <method  name="Gadget.getValue()" line="44">
            <complexity>1</complexity>
            <statements>1</statements>
            <maximum_depth>2</maximum_depth>
            <calls>0</calls>
          </method>
          <method  name="Gadget.setArtifacts()" line="56">
            <complexity>1</complexity>
            <statements>1</statements>
            <maximum_depth>2</maximum_depth>
            <calls>0</calls>
          </method>
          <method  name="Gadget.setAtt()" line="40">
            <complexity>1</complexity>
            <statements>1</statements>
            <maximum_depth>2</maximum_depth>
            <calls>0</calls>
          </method>
          <method  name="Gadget.setName()" line="32">
            <complexity>1</complexity>
            <statements>1</statements>
            <maximum_depth>2</maximum_depth>
            <calls>0</calls>
          </method>
          <method  name="Gadget.setValue()" line="48">
            <complexity>1</complexity>
            <statements>1</statements>
            <maximum_depth>2</maximum_depth>
            <calls>0</calls>
          </method>
          <method  name="GadgetDescriptor.GadgetDescriptor()" line="37">
            <complexity>1</complexity>
            <statements>0</statements>
            <maximum_depth>0</maximum_depth>
            <calls>0</calls>
          </method>
          <method  name="GadgetDescriptor.getArtifact()" line="109">
            <complexity>1</complexity>
            <statements>1</statements>
            <maximum_depth>2</maximum_depth>
            <calls>1</calls>
          </method>
          <method  name="GadgetDescriptor.getArtifactCollection()" line="127">
            <complexity>1</complexity>
            <statements>1</statements>
            <maximum_depth>2</maximum_depth>
            <calls>2</calls>
          </method>
          <method  name="GadgetDescriptor.getArtifactNames()" line="135">
            <complexity>1</complexity>
            <statements>1</statements>
            <maximum_depth>2</maximum_depth>
            <calls>2</calls>
          </method>
          <method  name="GadgetDescriptor.getArtifacts()" line="105">
            <complexity>1</complexity>
            <statements>1</statements>
            <maximum_depth>2</maximum_depth>
            <calls>0</calls>
          </method>
          <method  name="GadgetDescriptor.getGadget()" line="113">
            <complexity>1</complexity>
            <statements>1</statements>
            <maximum_depth>2</maximum_depth>
            <calls>1</calls>
          </method>
          <method  name="GadgetDescriptor.getGadgetCollection()" line="123">
            <complexity>1</complexity>
            <statements>1</statements>
            <maximum_depth>2</maximum_depth>
            <calls>2</calls>
          </method>
          <method  name="GadgetDescriptor.getGadgetForArtifact()" line="117">
            <complexity>1</complexity>
            <statements>2</statements>
            <maximum_depth>2</maximum_depth>
            <calls>3</calls>
          </method>
          <method  name="GadgetDescriptor.getGadgetNames()" line="131">
            <complexity>1</complexity>
            <statements>1</statements>
            <maximum_depth>2</maximum_depth>
            <calls>2</calls>
          </method>
          <method  name="GadgetDescriptor.getGadgets()" line="101">
            <complexity>1</complexity>
            <statements>1</statements>
            <maximum_depth>2</maximum_depth>
            <calls>0</calls>
          </method>
          <method  name="GadgetDescriptor.loadDescriptor()" line="40">
            <complexity>6</complexity>
            <statements>25</statements>
            <maximum_depth>6</maximum_depth>
            <calls>20</calls>
          </method>
          <method  name="GadgetDescriptor.main()" line="142">
            <complexity>1</complexity>
            <statements>0</statements>
            <maximum_depth>0</maximum_depth>
            <calls>0</calls>
          </method>
          <method  name="GadgetDescriptor.parseArtifact()" line="87">
            <complexity>1</complexity>
            <statements>2</statements>
            <maximum_depth>2</maximum_depth>
            <calls>5</calls>
          </method>
          <method  name="GadgetDescriptor.parseGadget()" line="94">
            <complexity>1</complexity>
            <statements>2</statements>
            <maximum_depth>2</maximum_depth>
            <calls>4</calls>
          </method>
          <method  name="HTMLCleaner.Arrays.asList()" line="86">
            <complexity>1</complexity>
            <statements>0</statements>
            <maximum_depth>0</maximum_depth>
            <calls>0</calls>
          </method>
          <method  name="HTMLCleaner.Arrays.asList()" line="70">
            <complexity>1</complexity>
            <statements>0</statements>
            <maximum_depth>0</maximum_depth>
            <calls>0</calls>
          </method>
          <method  name="HTMLCleaner.cleanUrl()" line="371">
            <complexity>18</complexity>
            <statements>46</statements>
            <maximum_depth>5</maximum_depth>
            <calls>34</calls>
          </method>
          <method  name="HTMLCleaner.encodeInvalidMarkup()" line="228">
            <complexity>1</complexity>
            <statements>1</statements>
            <maximum_depth>2</maximum_depth>
            <calls>1</calls>
          </method>
          <method  name="HTMLCleaner.encodeInvalidMarkup()" line="151">
            <complexity>1</complexity>
            <statements>1</statements>
            <maximum_depth>2</maximum_depth>
            <calls>1</calls>
          </method>
          <method  name="HTMLCleaner.getEndTagHTML()" line="550">
            <complexity>1</complexity>
            <statements>1</statements>
            <maximum_depth>2</maximum_depth>
            <calls>0</calls>
          </method>
          <method  name="HTMLCleaner.getStartTagHTML()" line="524">
            <complexity>7</complexity>
            <statements>16</statements>
            <maximum_depth>5</maximum_depth>
            <calls>25</calls>
          </method>
          <method  name="HTMLCleaner.HTMLCleaner()" line="64">
            <complexity>1</complexity>
            <statements>0</statements>
            <maximum_depth>0</maximum_depth>
            <calls>0</calls>
          </method>
          <method  name="HTMLCleaner.isValidLITag()" line="496">
            <complexity>3</complexity>
            <statements>6</statements>
            <maximum_depth>2</maximum_depth>
            <calls>6</calls>
          </method>
          <method  name="HTMLCleaner.processTag()" line="461">
            <complexity>14</complexity>
            <statements>23</statements>
            <maximum_depth>4</maximum_depth>
            <calls>22</calls>
          </method>
          <method  name="HTMLCleaner.reencodeTextSegment()" line="511">
            <complexity>2</complexity>
            <statements>6</statements>
            <maximum_depth>2</maximum_depth>
            <calls>5</calls>
          </method>
          <method  name="HTMLCleaner.sanitise()" line="436">
            <complexity>5</complexity>
            <statements>15</statements>
            <maximum_depth>4</maximum_depth>
            <calls>13</calls>
          </method>
          <method  name="HTMLCleaner.stripInvalidMarkup()" line="366">
            <complexity>1</complexity>
            <statements>1</statements>
            <maximum_depth>2</maximum_depth>
            <calls>1</calls>
          </method>
          <method  name="HTMLCleaner.stripInvalidMarkup()" line="291">
            <complexity>1</complexity>
            <statements>1</statements>
            <maximum_depth>2</maximum_depth>
            <calls>1</calls>
          </method>
          <method  name="HtmlTransformer.cleanURL()" line="64">
            <complexity>1</complexity>
            <statements>1</statements>
            <maximum_depth>2</maximum_depth>
            <calls>1</calls>
          </method>
          <method  name="HtmlTransformer.getAllElements()" line="21">
            <complexity>1</complexity>
            <statements>3</statements>
            <maximum_depth>2</maximum_depth>
            <calls>1</calls>
          </method>
          <method  name="HtmlTransformer.getAllElementsByClass()" line="31">
            <complexity>1</complexity>
            <statements>3</statements>
            <maximum_depth>2</maximum_depth>
            <calls>1</calls>
          </method>
          <method  name="HtmlTransformer.getElementById()" line="50">
            <complexity>1</complexity>
            <statements>3</statements>
            <maximum_depth>2</maximum_depth>
            <calls>2</calls>
          </method>
          <method  name="HtmlTransformer.getFirstElementByClass()" line="37">
            <complexity>1</complexity>
            <statements>3</statements>
            <maximum_depth>2</maximum_depth>
            <calls>2</calls>
          </method>
          <method  name="HtmlTransformer.HtmlTransformer()" line="16">
            <complexity>1</complexity>
            <statements>2</statements>
            <maximum_depth>2</maximum_depth>
            <calls>2</calls>
          </method>
          <method  name="HtmlTransformer.isEmpty()" line="43">
            <complexity>1</complexity>
            <statements>1</statements>
            <maximum_depth>2</maximum_depth>
            <calls>1</calls>
          </method>
          <method  name="HtmlTransformer.main()" line="75">
            <complexity>1</complexity>
            <statements>0</statements>
            <maximum_depth>0</maximum_depth>
            <calls>0</calls>
          </method>
          <method  name="HtmlTransformer.sanitise()" line="68">
            <complexity>1</complexity>
            <statements>1</statements>
            <maximum_depth>2</maximum_depth>
            <calls>1</calls>
          </method>
          <method  name="HtmlTransformer.sanitise()" line="56">
            <complexity>2</complexity>
            <statements>4</statements>
            <maximum_depth>3</maximum_depth>
            <calls>2</calls>
          </method>
          <method  name="ImageCreator.closeBrowser()" line="49">
            <complexity>1</complexity>
            <statements>1</statements>
            <maximum_depth>2</maximum_depth>
            <calls>1</calls>
          </method>
          <method  name="ImageCreator.convertBytesInFile()" line="39">
            <complexity>1</complexity>
            <statements>5</statements>
            <maximum_depth>2</maximum_depth>
            <calls>4</calls>
          </method>
          <method  name="ImageCreator.ImageCreator()" line="22">
            <complexity>1</complexity>
            <statements>1</statements>
            <maximum_depth>2</maximum_depth>
            <calls>1</calls>
          </method>
          <method  name="ImageCreator.load()" line="26">
            <complexity>1</complexity>
            <statements>6</statements>
            <maximum_depth>2</maximum_depth>
            <calls>8</calls>
          </method>
          <method  name="ImageCreator.main()" line="77">
            <complexity>1</complexity>
            <statements>0</statements>
            <maximum_depth>0</maximum_depth>
            <calls>0</calls>
          </method>
          <method  name="ImageCreator.scaleImage()" line="66">
            <complexity>1</complexity>
            <statements>5</statements>
            <maximum_depth>2</maximum_depth>
            <calls>8</calls>
          </method>
          <method  name="ImageCreator.scaleImage()" line="60">
            <complexity>1</complexity>
            <statements>2</statements>
            <maximum_depth>2</maximum_depth>
            <calls>3</calls>
          </method>
          <method  name="ImageCreator.scaleImage()" line="53">
            <complexity>1</complexity>
            <statements>3</statements>
            <maximum_depth>2</maximum_depth>
            <calls>3</calls>
          </method>
        </method_metrics>
        <block_depths depth_count="10">
          <block_depth level="0">95</block_depth>
          <block_depth level="1">211</block_depth>
          <block_depth level="2">265</block_depth>
          <block_depth level="3">65</block_depth>
          <block_depth level="4">46</block_depth>
          <block_depth level="5">26</block_depth>
          <block_depth level="6">13</block_depth>
          <block_depth level="7">0</block_depth>
          <block_depth level="8">0</block_depth>
          <block_depth level="9+">0</block_depth>
        </block_depths>
      </checkpoint>
    </checkpoints>
  </project>
</sourcemonitor_metrics>
